#
# There is insufficient memory for the Java Runtime Environment to continue.
# Native memory allocation (malloc) failed to allocate 1048576 bytes for AllocateHeap
# Possible reasons:
#   The system is out of physical RAM or swap space
#   In 32 bit mode, the process size limit was hit
# Possible solutions:
#   Reduce memory load on the system
#   Increase physical memory or swap space
#   Check if swap backing store is full
#   Use 64 bit Java on a 64 bit OS
#   Decrease Java heap size (-Xmx/-Xms)
#   Decrease number of Java threads
#   Decrease Java thread stack sizes (-Xss)
#   Set larger code cache with -XX:ReservedCodeCacheSize=
# This output file may be truncated or incomplete.
#
#  Out of Memory Error (memory/allocation.inline.hpp:61), pid=41328, tid=0x000000000000a2a0
#
# JRE version:  (8.0_101-b13) (build )
# Java VM: Java HotSpot(TM) 64-Bit Server VM (25.101-b13 mixed mode windows-amd64 compressed oops)
# Failed to write core dump. Minidumps are not enabled by default on client versions of Windows
#

---------------  T H R E A D  ---------------

Current thread (0x0000000002fb7000):  JavaThread "Unknown thread" [_thread_in_vm, id=41632, stack(0x0000000002ce0000,0x0000000002de0000)]

Stack: [0x0000000002ce0000,0x0000000002de0000]
[error occurred during error reporting (printing stack bounds), id 0xc0000005]

Native frames: (J=compiled Java code, j=interpreted, Vv=VM code, C=native code)


---------------  P R O C E S S  ---------------

Java Threads: ( => current thread )

Other Threads:

=>0x0000000002fb7000 (exited) JavaThread "Unknown thread" [_thread_in_vm, id=41632, stack(0x0000000002ce0000,0x0000000002de0000)]

VM state:not at safepoint (normal execution)

VM Mutex/Monitor currently owned by a thread: None

Heap:
 PSYoungGen      total 74240K, used 1280K [0x000000076dd80000, 0x0000000773000000, 0x00000007c0000000)
  eden space 64000K, 2% used [0x000000076dd80000,0x000000076dec0010,0x0000000771c00000)
  from space 10240K, 0% used [0x0000000772600000,0x0000000772600000,0x0000000773000000)
  to   space 10240K, 0% used [0x0000000771c00000,0x0000000771c00000,0x0000000772600000)
 ParOldGen       total 169472K, used 0K [0x00000006c9800000, 0x00000006d3d80000, 0x000000076dd80000)
  object space 169472K, 0% used [0x00000006c9800000,0x00000006c9800000,0x00000006d3d80000)
 Metaspace       used 783K, capacity 1092K, committed 1152K, reserved 1060864K
  class space    used 75K, capacity 384K, committed 384K, reserved 1048576K

Card table byte_map: [0x0000000012470000,0x0000000012c30000] byte_map_base: 0x000000000ee24000

Marking Bits: (ParMarkBitMap*) 0x000000007106a6d0
 Begin Bits: [0x0000000013e60000, 0x0000000017c00000)
 End Bits:   [0x0000000017c00000, 0x000000001b9a0000)

Polling page: 0x0000000000980000

CodeCache: size=245760Kb used=327Kb max_used=327Kb free=245432Kb
 bounds [0x00000000030b0000, 0x0000000003320000, 0x00000000120b0000]
 total_blobs=57 nmethods=0 adapters=38
 compilation: enabled

Compilation events (0 events):
No events

GC Heap History (0 events):
No events

Deoptimization events (0 events):
No events

Internal exceptions (0 events):
No events

Events (10 events):
Event: 0.018 loading class java/lang/Short
Event: 0.018 loading class java/lang/Short done
Event: 0.018 loading class java/lang/Integer
Event: 0.018 loading class java/lang/Integer done
Event: 0.018 loading class java/lang/Long
Event: 0.018 loading class java/lang/Long done
Event: 0.019 loading class java/lang/NullPointerException
Event: 0.019 loading class java/lang/NullPointerException done
Event: 0.019 loading class java/lang/ArithmeticException
Event: 0.019 loading class java/lang/ArithmeticException done


Dynamic libraries:
0x00007ff77e770000 - 0x00007ff77e7a7000 	D:\programmar\jdk1.8.0_101\bin\java.exe
0x00007ffb95030000 - 0x00007ffb95228000 	C:\Windows\SYSTEM32\ntdll.dll
0x00007ffb93120000 - 0x00007ffb931df000 	C:\Windows\System32\KERNEL32.DLL
0x00007ffb92a70000 - 0x00007ffb92d42000 	C:\Windows\System32\KERNELBASE.dll
0x00007ffb94200000 - 0x00007ffb942ae000 	C:\Windows\System32\ADVAPI32.dll
0x00007ffb931f0000 - 0x00007ffb9328e000 	C:\Windows\System32\msvcrt.dll
0x00007ffb94e30000 - 0x00007ffb94ecc000 	C:\Windows\System32\sechost.dll
0x00007ffb94d00000 - 0x00007ffb94e25000 	C:\Windows\System32\RPCRT4.dll
0x00007ffb93a90000 - 0x00007ffb93c31000 	C:\Windows\System32\USER32.dll
0x00007ffb92d50000 - 0x00007ffb92d72000 	C:\Windows\System32\win32u.dll
0x00007ffb942b0000 - 0x00007ffb942db000 	C:\Windows\System32\GDI32.dll
0x00007ffb92720000 - 0x00007ffb9282f000 	C:\Windows\System32\gdi32full.dll
0x00007ffb92fd0000 - 0x00007ffb9306d000 	C:\Windows\System32\msvcp_win.dll
0x00007ffb92ea0000 - 0x00007ffb92fa0000 	C:\Windows\System32\ucrtbase.dll
0x00007ffb88b90000 - 0x00007ffb88e2a000 	C:\Windows\WinSxS\amd64_microsoft.windows.common-controls_6595b64144ccf1df_6.0.19041.1110_none_60b5254171f9507e\COMCTL32.dll
0x00007ffb941c0000 - 0x00007ffb941f2000 	C:\Windows\System32\IMM32.DLL
0x00000000705b0000 - 0x0000000070682000 	D:\programmar\jdk1.8.0_101\jre\bin\msvcr100.dll
0x0000000070850000 - 0x00000000710ea000 	D:\programmar\jdk1.8.0_101\jre\bin\server\jvm.dll
0x00007ffb932f0000 - 0x00007ffb932f8000 	C:\Windows\System32\PSAPI.DLL
0x00007ffb8b1c0000 - 0x00007ffb8b1ca000 	C:\Windows\SYSTEM32\VERSION.dll
0x00007ffb7ae90000 - 0x00007ffb7ae99000 	C:\Windows\SYSTEM32\WSOCK32.dll
0x00007ffb84340000 - 0x00007ffb84367000 	C:\Windows\SYSTEM32\WINMM.dll
0x00007ffb94c10000 - 0x00007ffb94c7b000 	C:\Windows\System32\WS2_32.dll
0x0000000070760000 - 0x000000007076f000 	D:\programmar\jdk1.8.0_101\jre\bin\verify.dll
0x0000000070730000 - 0x0000000070759000 	D:\programmar\jdk1.8.0_101\jre\bin\java.dll
0x0000000070310000 - 0x0000000070333000 	D:\programmar\jdk1.8.0_101\jre\bin\instrument.dll
0x0000000070710000 - 0x0000000070726000 	D:\programmar\jdk1.8.0_101\jre\bin\zip.dll

VM Arguments:
jvm_args: -javaagent:C:\Users\kezhuqian\.IntelliJIdea2019.3\system\testAgent\intellij-coverage-agent-1.0.508.jar=C:\Users\kezhuqian\AppData\Local\Temp\coverageargs -XX:TieredStopAtLevel=1 -Xverify:none -Dspring.output.ansi.enabled=always -Dcom.sun.management.jmxremote -Dspring.jmx.enabled=true -Dspring.liveBeansView.mbeanDomain -Dspring.application.admin.enabled=true -javaagent:D:\programmar\IDEA2019\IntelliJ IDEA 2019.3.2\lib\idea_rt.jar=5289:D:\programmar\IDEA2019\IntelliJ IDEA 2019.3.2\bin -Dfile.encoding=UTF-8 
java_command: com.aiye.springboot.SpringbootApplication
java_class_path (initial): D:\programmar\jdk1.8.0_101\jre\lib\charsets.jar;D:\programmar\jdk1.8.0_101\jre\lib\deploy.jar;D:\programmar\jdk1.8.0_101\jre\lib\ext\access-bridge-64.jar;D:\programmar\jdk1.8.0_101\jre\lib\ext\cldrdata.jar;D:\programmar\jdk1.8.0_101\jre\lib\ext\dnsns.jar;D:\programmar\jdk1.8.0_101\jre\lib\ext\jaccess.jar;D:\programmar\jdk1.8.0_101\jre\lib\ext\jfxrt.jar;D:\programmar\jdk1.8.0_101\jre\lib\ext\localedata.jar;D:\programmar\jdk1.8.0_101\jre\lib\ext\nashorn.jar;D:\programmar\jdk1.8.0_101\jre\lib\ext\sunec.jar;D:\programmar\jdk1.8.0_101\jre\lib\ext\sunjce_provider.jar;D:\programmar\jdk1.8.0_101\jre\lib\ext\sunmscapi.jar;D:\programmar\jdk1.8.0_101\jre\lib\ext\sunpkcs11.jar;D:\programmar\jdk1.8.0_101\jre\lib\ext\zipfs.jar;D:\programmar\jdk1.8.0_101\jre\lib\javaws.jar;D:\programmar\jdk1.8.0_101\jre\lib\jce.jar;D:\programmar\jdk1.8.0_101\jre\lib\jfr.jar;D:\programmar\jdk1.8.0_101\jre\lib\jfxswt.jar;D:\programmar\jdk1.8.0_101\jre\lib\jsse.jar;D:\programmar\jdk1.8.0_101\jre\lib\management-agent.jar;D:\programmar\jdk1.8.0_101\jre\lib\plugin.jar;D:\programmar\jdk1.8.0_101\jre\lib\resources.jar;D:\programmar\jdk1.8.0_101\jre\lib\rt.jar;D:\programmar\IDEA2019\springboot\target\classes;D:\programmar\mymaven\org\springframework\boot\spring-boot-starter-web\2.7.6\spring-boot-starter-web-2.7.6.jar;D:\programmar\mymaven\org\springframework\boot\spring-boot-starter\2.7.6\spring-boot-starter-2.7.6.jar;D:\programmar\mymaven\org\springframework\boot\spring-boot\2.7.6\spring-boot-2.7.6.jar;D:\programmar\mymaven\org\springframework\boot\spring-boot-starter-logging\2.7.6\spring-boot-starter-logging-2.7.6.jar;D:\programmar\mymaven\ch\qos\logback\logback-classic\1.2.11\logback-classic-1.2.11.jar;D:\programmar\mymaven\ch\qos\logback\logback-core\1.2.11\logback-core-1.2.11.jar;D:\programmar\mymaven\org\apache\logging\log4j\log4j-to-slf4j\2.17.2\log4j-to-slf4j-2.17.2.jar;D:\programmar\mymaven\org\apache\logging\log4j\log4j-api\2.17.2\log4j-api-2.17.2.jar;D:\programmar\my
Launcher Type: SUN_STANDARD

Environment Variables:
JAVA_HOME=D:\programmar\jdk1.8.0_101
PATH=D:\programmar\oracle\kezhuqian\product\11.2.0\dbhome_1\bin;D:\programmar\oracle\kzqian\product\11.2.0\client_1\bin;C:\Windows\system32;C:\Windows;C:\Windows\System32\Wbem;C:\Windows\System32\WindowsPowerShell\v1.0\;C:\Windows\System32\OpenSSH\;C:\Program Files (x86)\NVIDIA Corporation\PhysX\Common;C:\Program Files\NVIDIA Corporation\NVIDIA NvDLISR;D:\programmar\jdk1.8.0_101\bin;D:\programmar\apache-tomcat-9.0.46\bin;D:\programmar\apache-maven-3.6.1\bin\;C:\Program Files (x86)\dotnet\;D:\util\cpolar;D:\programmar\jad158g.win;C:\Android;D:\programmar\jdk1.8.0_101;D:\programmar\apache-maven-3.6.1;D:\programmar\jdk1.6\bin;D:\programmar\GitHub\Git\bin;D:\programmar\node-v14.16.0-win-x64;C:\ProgramData\chocolatey\bin;C:\Users\kezhuqian\AppData\Local\Microsoft\WindowsApps
USERNAME=kezhuqian
OS=Windows_NT
PROCESSOR_IDENTIFIER=AMD64 Family 25 Model 80 Stepping 0, AuthenticAMD



---------------  S Y S T E M  ---------------

OS: Windows 10.0 , 64 bit Build 19041 (10.0.19041.2364)

CPU:total 16 (16 cores per cpu, 1 threads per core) family 25 model 80 stepping 0, cmov, cx8, fxsr, mmx, sse, sse2, sse3, ssse3, sse4.1, sse4.2, popcnt, avx, avx2, aes, clmul, erms, mmxext, 3dnowpref, lzcnt, sse4a, tsc, tscinvbit, tscinv, bmi1

Memory: 4k page, physical 16152632k(4095808k free), swap 29260724k(5420k free)

vm_info: Java HotSpot(TM) 64-Bit Server VM (25.101-b13) for windows-amd64 JRE (1.8.0_101-b13), built on Jun 22 2016 01:21:29 by "java_re" with MS VC++ 10.0 (VS2010)

time: Mon Dec 26 14:16:16 2022
elapsed time: 0 seconds (0d 0h 0m 0s)

